<?xml version="1.0" encoding="UTF-8"?>
<!-- Generated by org.testng.reporters.JUnitReportReporter -->
<testsuite name="xpathlearn" tests="1" time="40.755" ignored="0" failures="0" timestamp="23 May 2020 06:17:03 GMT" skipped="0" hostname="Jesus-PC" errors="0">
  <testcase name="OrangeHRM" time="40.755" classname="xpathlearn"/>
</testsuite> <!-- xpathlearn -->
